2024-09-09 19:35:28,995 [31m[1mWARNING: This is a development server. Do not use it in a production deployment. Use a production WSGI server instead.[0m
 * Running on all addresses (0.0.0.0)
 * Running on http://127.0.0.1:5000
 * Running on http://192.168.1.212:5000
2024-09-09 19:35:28,996 [33mPress CTRL+C to quit[0m
2024-09-09 19:35:33,773 Request with ID fbc6a32b for model gpt2-124m received
2024-09-09 19:35:33,773 Adjusted time limit: 3.3502 seconds
2024-09-09 19:35:33,774 127.0.0.1 - - [09/Sep/2024 19:35:33] "POST /inference HTTP/1.1" 200 -
2024-09-09 19:35:36,251 Request with ID a4bef88c for model gpt2-124m received
2024-09-09 19:35:36,252 Adjusted time limit: 3.3502 seconds
2024-09-09 19:35:36,252 127.0.0.1 - - [09/Sep/2024 19:35:36] "POST /inference HTTP/1.1" 200 -
2024-09-09 19:35:37,163 Time limit condition met for model gpt2-124m
2024-09-09 19:35:37,164 Loading model gpt2-124m
2024-09-09 19:35:37,245 Request with ID 92060b6b for model gpt2medium-355m received
2024-09-09 19:35:37,245 Adjusted time limit: 0.0000 seconds
2024-09-09 19:35:37,246 127.0.0.1 - - [09/Sep/2024 19:35:37] "POST /inference HTTP/1.1" 200 -
2024-09-09 19:35:37,427 Request with ID 4f126ee0 for model gpt2-124m received
2024-09-09 19:35:37,427 Adjusted time limit: 3.3434 seconds
2024-09-09 19:35:37,428 127.0.0.1 - - [09/Sep/2024 19:35:37] "POST /inference HTTP/1.1" 200 -
2024-09-09 19:35:37,894 Processed batch: ['fbc6a32b', 'a4bef88c', '1529', '5635'] with model gpt2-124m in 0.6339 seconds
2024-09-09 19:35:37,894 Latency for request fbc6a32b with model gpt2-124m: 4.1209 seconds
2024-09-09 19:35:37,896 Latency for request a4bef88c with model gpt2-124m: 1.6431 seconds
2024-09-09 19:35:37,896 Latency for request 1529 with model gpt2-124m: 0.7307 seconds
2024-09-09 19:35:37,897 Latency for request 5635 with model gpt2-124m: 0.7307 seconds
2024-09-09 19:35:38,002 Time limit condition met for model gpt2medium-355m
2024-09-09 19:35:38,002 Loading model gpt2medium-355m
2024-09-09 19:35:38,536 Request with ID dad79357 for model gpt2-124m received
2024-09-09 19:35:38,536 Adjusted time limit: 3.3395 seconds
2024-09-09 19:35:38,537 127.0.0.1 - - [09/Sep/2024 19:35:38] "POST /inference HTTP/1.1" 200 -
2024-09-09 19:35:40,524 Request with ID 1704de7c for model distilgpt2-124m received
2024-09-09 19:35:40,524 Adjusted time limit: 4.2043 seconds
2024-09-09 19:35:40,524 127.0.0.1 - - [09/Sep/2024 19:35:40] "POST /inference HTTP/1.1" 200 -
2024-09-09 19:35:42,291 Processed batch: ['92060b6b', '3a5d', 'd975', '95c2'] with model gpt2medium-355m in 4.1976 seconds
2024-09-09 19:35:42,292 Latency for request 92060b6b with model gpt2medium-355m: 5.0461 seconds
2024-09-09 19:35:42,292 Latency for request 3a5d with model gpt2medium-355m: 4.2892 seconds
2024-09-09 19:35:42,293 Latency for request d975 with model gpt2medium-355m: 4.2892 seconds
2024-09-09 19:35:42,293 Latency for request 95c2 with model gpt2medium-355m: 4.2892 seconds
2024-09-09 19:35:42,348 Request with ID 76a66dc4 for model distilgpt2-124m received
2024-09-09 19:35:42,349 Adjusted time limit: 4.2043 seconds
2024-09-09 19:35:42,349 127.0.0.1 - - [09/Sep/2024 19:35:42] "POST /inference HTTP/1.1" 200 -
2024-09-09 19:35:42,398 Time limit condition met for model gpt2-124m
2024-09-09 19:35:42,398 Loading model gpt2-124m
2024-09-09 19:35:43,197 Processed batch: ['4f126ee0', 'dad79357', '4788', '1ef4'] with model gpt2-124m in 0.7329 seconds
2024-09-09 19:35:43,197 Latency for request 4f126ee0 with model gpt2-124m: 5.7696 seconds
2024-09-09 19:35:43,198 Latency for request dad79357 with model gpt2-124m: 4.6606 seconds
2024-09-09 19:35:43,198 Latency for request 4788 with model gpt2-124m: 0.7985 seconds
2024-09-09 19:35:43,198 Latency for request 1ef4 with model gpt2-124m: 0.7985 seconds
2024-09-09 19:35:44,049 Request with ID f8dc2551 for model gpt2medium-355m received
2024-09-09 19:35:44,049 Adjusted time limit: 0.0000 seconds
2024-09-09 19:35:44,050 127.0.0.1 - - [09/Sep/2024 19:35:44] "POST /inference HTTP/1.1" 200 -
2024-09-09 19:35:44,126 Time limit condition met for model gpt2medium-355m
2024-09-09 19:35:44,126 Loading model gpt2medium-355m
2024-09-09 19:35:45,221 Request with ID 57b8ac43 for model distilgpt2-124m received
2024-09-09 19:35:45,221 Adjusted time limit: 4.2043 seconds
2024-09-09 19:35:45,221 127.0.0.1 - - [09/Sep/2024 19:35:45] "POST /inference HTTP/1.1" 200 -
2024-09-09 19:35:46,585 Request with ID 30badfe2 for model gpt2medium-355m received
2024-09-09 19:35:46,585 Adjusted time limit: 0.0000 seconds
2024-09-09 19:35:46,585 127.0.0.1 - - [09/Sep/2024 19:35:46] "POST /inference HTTP/1.1" 200 -
2024-09-09 19:35:46,653 Processed batch: ['f8dc2551', '8785', 'cbff', '7086'] with model gpt2medium-355m in 2.3467 seconds
2024-09-09 19:35:46,653 Latency for request f8dc2551 with model gpt2medium-355m: 2.6041 seconds
2024-09-09 19:35:46,654 Latency for request 8785 with model gpt2medium-355m: 2.5263 seconds
2024-09-09 19:35:46,654 Latency for request cbff with model gpt2medium-355m: 2.5263 seconds
2024-09-09 19:35:46,655 Latency for request 7086 with model gpt2medium-355m: 2.5263 seconds
2024-09-09 19:35:46,760 Time limit condition met for model distilgpt2-124m
2024-09-09 19:35:46,760 Loading model distilgpt2-124m
2024-09-09 19:35:47,706 Processed batch: ['1704de7c', '76a66dc4', '57b8ac43', '75a8'] with model distilgpt2-124m in 0.8868 seconds
2024-09-09 19:35:47,706 Latency for request 1704de7c with model distilgpt2-124m: 7.1820 seconds
2024-09-09 19:35:47,707 Latency for request 76a66dc4 with model distilgpt2-124m: 5.3573 seconds
2024-09-09 19:35:47,707 Latency for request 57b8ac43 with model distilgpt2-124m: 2.4847 seconds
2024-09-09 19:35:47,707 Latency for request 75a8 with model distilgpt2-124m: 0.9458 seconds
2024-09-09 19:35:48,051 Request with ID 440fd9a7 for model gpt2-124m received
2024-09-09 19:35:48,051 Adjusted time limit: 3.3439 seconds
2024-09-09 19:35:48,051 127.0.0.1 - - [09/Sep/2024 19:35:48] "POST /inference HTTP/1.1" 200 -
2024-09-09 19:35:49,884 Request with ID 09093887 for model gpt2medium-355m received
2024-09-09 19:35:49,884 Adjusted time limit: 0.0000 seconds
2024-09-09 19:35:49,885 127.0.0.1 - - [09/Sep/2024 19:35:49] "POST /inference HTTP/1.1" 200 -
2024-09-09 19:35:49,898 Time limit condition met for model gpt2medium-355m
2024-09-09 19:35:49,898 Loading model gpt2medium-355m
2024-09-09 19:35:50,969 Request with ID f060b78a for model gpt2-124m received
2024-09-09 19:35:50,969 Adjusted time limit: 3.3395 seconds
2024-09-09 19:35:50,969 127.0.0.1 - - [09/Sep/2024 19:35:50] "POST /inference HTTP/1.1" 200 -
2024-09-09 19:35:51,976 Request with ID 12c6fe5d for model distilgpt2-124m received
2024-09-09 19:35:51,976 Adjusted time limit: 4.2043 seconds
2024-09-09 19:35:51,976 127.0.0.1 - - [09/Sep/2024 19:35:51] "POST /inference HTTP/1.1" 200 -
2024-09-09 19:35:52,574 Processed batch: ['30badfe2', '09093887', '753d', '8d11'] with model gpt2medium-355m in 2.5382 seconds
2024-09-09 19:35:52,574 Latency for request 30badfe2 with model gpt2medium-355m: 5.9893 seconds
2024-09-09 19:35:52,575 Latency for request 09093887 with model gpt2medium-355m: 2.6901 seconds
2024-09-09 19:35:52,575 Latency for request 753d with model gpt2medium-355m: 2.6759 seconds
2024-09-09 19:35:52,575 Latency for request 8d11 with model gpt2medium-355m: 2.6759 seconds
2024-09-09 19:35:52,681 Time limit condition met for model gpt2-124m
2024-09-09 19:35:52,681 Loading model gpt2-124m
2024-09-09 19:35:53,609 Processed batch: ['440fd9a7', 'f060b78a', '4b22', '36c5'] with model gpt2-124m in 0.8621 seconds
2024-09-09 19:35:53,609 Latency for request 440fd9a7 with model gpt2-124m: 5.5586 seconds
2024-09-09 19:35:53,610 Latency for request f060b78a with model gpt2-124m: 2.6406 seconds
2024-09-09 19:35:53,610 Latency for request 4b22 with model gpt2-124m: 0.9287 seconds
2024-09-09 19:35:53,611 Latency for request 36c5 with model gpt2-124m: 0.9287 seconds
2024-09-09 19:35:56,220 Time limit condition met for model distilgpt2-124m
2024-09-09 19:35:56,220 Loading model distilgpt2-124m
2024-09-09 19:35:56,834 Processed batch: ['12c6fe5d', '3e95', 'a403', 'f1ab'] with model distilgpt2-124m in 0.5315 seconds
2024-09-09 19:35:56,834 Latency for request 12c6fe5d with model distilgpt2-124m: 4.8580 seconds
2024-09-09 19:35:56,835 Latency for request 3e95 with model distilgpt2-124m: 0.6132 seconds
2024-09-09 19:35:56,835 Latency for request a403 with model distilgpt2-124m: 0.6132 seconds
2024-09-09 19:35:56,835 Latency for request f1ab with model distilgpt2-124m: 0.6132 seconds
